\BOOKMARK [1][-]{section.1}{Introduction}{}% 1
\BOOKMARK [2][-]{subsection.1.1}{Evolutionary Algorithm}{section.1}% 2
\BOOKMARK [3][-]{subsubsection.1.1.1}{General Description of Algorithm}{subsection.1.1}% 3
\BOOKMARK [2][-]{subsection.1.2}{Implementation Decisions}{section.1}% 4
\BOOKMARK [1][-]{section.2}{Experiment}{}% 5
\BOOKMARK [2][-]{subsection.2.1}{Neural Network}{section.2}% 6
\BOOKMARK [3][-]{subsubsection.2.1.1}{Topology}{subsection.2.1}% 7
\BOOKMARK [3][-]{subsubsection.2.1.2}{Activation Function}{subsection.2.1}% 8
\BOOKMARK [2][-]{subsection.2.2}{Genetic Algorithm}{section.2}% 9
\BOOKMARK [3][-]{subsubsection.2.2.1}{Data Representation}{subsection.2.2}% 10
\BOOKMARK [3][-]{subsubsection.2.2.2}{Selection}{subsection.2.2}% 11
\BOOKMARK [3][-]{subsubsection.2.2.3}{Modification}{subsection.2.2}% 12
\BOOKMARK [3][-]{subsubsection.2.2.4}{Generations}{subsection.2.2}% 13
\BOOKMARK [3][-]{subsubsection.2.2.5}{Population Size}{subsection.2.2}% 14
\BOOKMARK [3][-]{subsubsection.2.2.6}{Training Data Set}{subsection.2.2}% 15
\BOOKMARK [2][-]{subsection.2.3}{Neural Network Compare}{section.2}% 16
\BOOKMARK [3][-]{subsubsection.2.3.1}{Functions}{subsection.2.3}% 17
\BOOKMARK [3][-]{subsubsection.2.3.2}{Dimensions}{subsection.2.3}% 18
\BOOKMARK [1][-]{section.3}{Results}{}% 19
\BOOKMARK [2][-]{subsection.3.1}{Finding Best Weights}{section.3}% 20
\BOOKMARK [3][-]{subsubsection.3.1.1}{Settings}{subsection.3.1}% 21
\BOOKMARK [2][-]{subsection.3.2}{Compare Functions}{section.3}% 22
\BOOKMARK [3][-]{subsubsection.3.2.1}{Parameters}{subsection.3.2}% 23
\BOOKMARK [3][-]{subsubsection.3.2.2}{Time}{subsection.3.2}% 24
\BOOKMARK [3][-]{subsubsection.3.2.3}{Error}{subsection.3.2}% 25
\BOOKMARK [1][-]{section.4}{Discussion}{}% 26
\BOOKMARK [1][-]{section.5}{Conclusion}{}% 27
